# JRE version: Java(TM) SE Runtime Environment (21.0.6+8) (build 21.0.6+8-LTS-188)
# Java VM: Java HotSpot(TM) 64-Bit Server VM (21.0.6+8-LTS-188, mixed mode, sharing, tiered, compressed oops, compressed class ptrs, g1 gc, windows-amd64)
GC Precious Log:
 CardTable entry size: 512
 Card Set container configuration: InlinePtr #cards 5 size 8 Array Of Cards #cards 12 size 40 Howl #buckets 4 coarsen threshold 1843 Howl Bitmap #cards 512 size 80 coarsen threshold 460 Card regions per heap region 1 cards per card region 2048
 CPUs: 4 total, 4 available
 Memory: 7558M
 Large Page Support: Disabled
 NUMA Support: Disabled
 Compressed Oops: Enabled (32-bit)
 Heap Region Size: 1M
 Heap Min Capacity: 8M
 Heap Initial Capacity: 120M
 Heap Max Capacity: 1890M
 Pre-touch: Disabled
 Parallel Workers: 4
 Concurrent Workers: 1
 Concurrent Refinement Workers: 4
 Periodic GC: Disabled
Heap:
 garbage-first heap   total 45056K, used 35057K [0x0000000089e00000, 0x0000000100000000)
  region size 1024K, 18 young (18432K), 1 survivors (1024K)
 Metaspace       used 33190K, committed 33728K, reserved 1114112K
  class space    used 3992K, committed 4224K, reserved 1048576K
GC Heap History (20 events):
Event: 39.842 GC heap before
{Heap before GC invocations=12 (full 0):
 garbage-first heap   total 45056K, used 39839K [0x0000000089e00000, 0x0000000100000000)
  region size 1024K, 22 young (22528K), 1 survivors (1024K)
 Metaspace       used 33101K, committed 33600K, reserved 1114112K
  class space    used 3990K, committed 4224K, reserved 1048576K
}
Event: 39.844 GC heap after
{Heap after GC invocations=13 (full 0):
 garbage-first heap   total 45056K, used 18321K [0x0000000089e00000, 0x0000000100000000)
  region size 1024K, 1 young (1024K), 1 survivors (1024K)
 Metaspace       used 33101K, committed 33600K, reserved 1114112K
  class space    used 3990K, committed 4224K, reserved 1048576K
}
Event: 40.711 GC heap before
{Heap before GC invocations=13 (full 0):
 garbage-first heap   total 45056K, used 39825K [0x0000000089e00000, 0x0000000100000000)
  region size 1024K, 22 young (22528K), 1 survivors (1024K)
 Metaspace       used 33101K, committed 33600K, reserved 1114112K
  class space    used 3990K, committed 4224K, reserved 1048576K
}
Event: 40.713 GC heap after
{Heap after GC invocations=14 (full 0):
 garbage-first heap   total 45056K, used 18362K [0x0000000089e00000, 0x0000000100000000)
  region size 1024K, 1 young (1024K), 1 survivors (1024K)
 Metaspace       used 33101K, committed 33600K, reserved 1114112K
  class space    used 3990K, committed 4224K, reserved 1048576K
}
Event: 41.528 GC heap before
{Heap before GC invocations=14 (full 0):
 garbage-first heap   total 45056K, used 39866K [0x0000000089e00000, 0x0000000100000000)
  region size 1024K, 22 young (22528K), 1 survivors (1024K)
 Metaspace       used 33104K, committed 33600K, reserved 1114112K
  class space    used 3990K, committed 4224K, reserved 1048576K
}
Event: 41.530 GC heap after
{Heap after GC invocations=15 (full 0):
 garbage-first heap   total 45056K, used 18372K [0x0000000089e00000, 0x0000000100000000)
  region size 1024K, 1 young (1024K), 1 survivors (1024K)
 Metaspace       used 33104K, committed 33600K, reserved 1114112K
  class space    used 3990K, committed 4224K, reserved 1048576K
}
Event: 42.281 GC heap before
{Heap before GC invocations=15 (full 0):
 garbage-first heap   total 45056K, used 39876K [0x0000000089e00000, 0x0000000100000000)
  region size 1024K, 22 young (22528K), 1 survivors (1024K)
 Metaspace       used 33113K, committed 33600K, reserved 1114112K
  class space    used 3990K, committed 4224K, reserved 1048576K
}
Event: 42.282 GC heap after
{Heap after GC invocations=16 (full 0):
 garbage-first heap   total 45056K, used 18376K [0x0000000089e00000, 0x0000000100000000)
  region size 1024K, 1 young (1024K), 1 survivors (1024K)
 Metaspace       used 33113K, committed 33600K, reserved 1114112K
  class space    used 3990K, committed 4224K, reserved 1048576K
}
Event: 43.015 GC heap before
{Heap before GC invocations=16 (full 0):
 garbage-first heap   total 45056K, used 39880K [0x0000000089e00000, 0x0000000100000000)
  region size 1024K, 22 young (22528K), 1 survivors (1024K)
 Metaspace       used 33118K, committed 33600K, reserved 1114112K
  class space    used 3990K, committed 4224K, reserved 1048576K
}
Event: 43.017 GC heap after
{Heap after GC invocations=17 (full 0):
 garbage-first heap   total 45056K, used 18369K [0x0000000089e00000, 0x0000000100000000)
  region size 1024K, 1 young (1024K), 1 survivors (1024K)
 Metaspace       used 33118K, committed 33600K, reserved 1114112K
  class space    used 3990K, committed 4224K, reserved 1048576K
}
Event: 43.711 GC heap before
{Heap before GC invocations=17 (full 0):
 garbage-first heap   total 45056K, used 39873K [0x0000000089e00000, 0x0000000100000000)
  region size 1024K, 22 young (22528K), 1 survivors (1024K)
 Metaspace       used 33122K, committed 33664K, reserved 1114112K
  class space    used 3990K, committed 4224K, reserved 1048576K
}
Event: 43.712 GC heap after
{Heap after GC invocations=18 (full 0):
 garbage-first heap   total 45056K, used 18349K [0x0000000089e00000, 0x0000000100000000)
  region size 1024K, 1 young (1024K), 1 survivors (1024K)
 Metaspace       used 33122K, committed 33664K, reserved 1114112K
  class space    used 3990K, committed 4224K, reserved 1048576K
}
Event: 44.376 GC heap before
{Heap before GC invocations=18 (full 0):
 garbage-first heap   total 45056K, used 39853K [0x0000000089e00000, 0x0000000100000000)
  region size 1024K, 22 young (22528K), 1 survivors (1024K)
 Metaspace       used 33122K, committed 33664K, reserved 1114112K
  class space    used 3990K, committed 4224K, reserved 1048576K
}
Event: 44.378 GC heap after
{Heap after GC invocations=19 (full 0):
 garbage-first heap   total 45056K, used 18382K [0x0000000089e00000, 0x0000000100000000)
  region size 1024K, 1 young (1024K), 1 survivors (1024K)
 Metaspace       used 33122K, committed 33664K, reserved 1114112K
  class space    used 3990K, committed 4224K, reserved 1048576K
}
Event: 45.010 GC heap before
{Heap before GC invocations=19 (full 0):
 garbage-first heap   total 45056K, used 39886K [0x0000000089e00000, 0x0000000100000000)
  region size 1024K, 22 young (22528K), 1 survivors (1024K)
 Metaspace       used 33131K, committed 33664K, reserved 1114112K
  class space    used 3990K, committed 4224K, reserved 1048576K
}
Event: 45.011 GC heap after
{Heap after GC invocations=20 (full 0):
 garbage-first heap   total 45056K, used 18351K [0x0000000089e00000, 0x0000000100000000)
  region size 1024K, 1 young (1024K), 1 survivors (1024K)
 Metaspace       used 33131K, committed 33664K, reserved 1114112K
  class space    used 3990K, committed 4224K, reserved 1048576K
}
Event: 51.674 GC heap before
{Heap before GC invocations=20 (full 0):
 garbage-first heap   total 45056K, used 39855K [0x0000000089e00000, 0x0000000100000000)
  region size 1024K, 22 young (22528K), 1 survivors (1024K)
 Metaspace       used 33185K, committed 33664K, reserved 1114112K
  class space    used 3992K, committed 4224K, reserved 1048576K
}
Event: 51.676 GC heap after
{Heap after GC invocations=21 (full 0):
 garbage-first heap   total 45056K, used 18575K [0x0000000089e00000, 0x0000000100000000)
  region size 1024K, 1 young (1024K), 1 survivors (1024K)
 Metaspace       used 33185K, committed 33664K, reserved 1114112K
  class space    used 3992K, committed 4224K, reserved 1048576K
}
Event: 52.709 GC heap before
{Heap before GC invocations=21 (full 0):
 garbage-first heap   total 45056K, used 40079K [0x0000000089e00000, 0x0000000100000000)
  region size 1024K, 22 young (22528K), 1 survivors (1024K)
 Metaspace       used 33190K, committed 33728K, reserved 1114112K
  class space    used 3992K, committed 4224K, reserved 1048576K
}
Event: 52.711 GC heap after
{Heap after GC invocations=22 (full 0):
 garbage-first heap   total 45056K, used 18673K [0x0000000089e00000, 0x0000000100000000)
  region size 1024K, 1 young (1024K), 1 survivors (1024K)
 Metaspace       used 33190K, committed 33728K, reserved 1114112K
  class space    used 3992K, committed 4224K, reserved 1048576K
}

