# JRE version: OpenJDK Runtime Environment Temurin-21.0.6+7 (21.0.6+7) (build 21.0.6+7-LTS)
# Java VM: OpenJDK 64-Bit Server VM Temurin-21.0.6+7 (21.0.6+7-LTS, mixed mode, sharing, tiered, compressed oops, compressed class ptrs, parallel gc, windows-amd64)
GC Precious Log:
 CardTable entry size: 512
 CPUs: 4 total, 4 available
 Memory: 7558M
 Large Page Support: Disabled
 NUMA Support: Disabled
 Compressed Oops: Enabled (32-bit)
 Alignments: Space 512K, Generation 512K, Heap 2M
 Heap Min Capacity: 100M
 Heap Initial Capacity: 100M
 Heap Max Capacity: 1G
 Pre-touch: Disabled
 Parallel Workers: 4
Heap:
 PSYoungGen      total 18944K, used 4520K [0x00000000eab00000, 0x00000000ec180000, 0x0000000100000000)
  eden space 16384K, 12% used [0x00000000eab00000,0x00000000ead02208,0x00000000ebb00000)
  from space 2560K, 96% used [0x00000000ebf00000,0x00000000ec168000,0x00000000ec180000)
  to   space 3072K, 0% used [0x00000000ebb80000,0x00000000ebb80000,0x00000000ebe80000)
 ParOldGen       total 653824K, used 291838K [0x00000000c0000000, 0x00000000e7e80000, 0x00000000eab00000)
  object space 653824K, 44% used [0x00000000c0000000,0x00000000d1cff948,0x00000000e7e80000)
 Metaspace       used 78535K, committed 80320K, reserved 1179648K
  class space    used 7788K, committed 8512K, reserved 1048576K
GC Heap History (20 events):
Event: 960.539 GC heap before
{Heap before GC invocations=715 (full 4):
 PSYoungGen      total 14336K, used 14112K [0x00000000eab00000, 0x00000000ebd80000, 0x0000000100000000)
  eden space 13824K, 100% used [0x00000000eab00000,0x00000000eb880000,0x00000000eb880000)
  from space 512K, 56% used [0x00000000ebd00000,0x00000000ebd48000,0x00000000ebd80000)
  to   space 1024K, 0% used [0x00000000ebb80000,0x00000000ebb80000,0x00000000ebc80000)
 ParOldGen       total 653824K, used 285157K [0x00000000c0000000, 0x00000000e7e80000, 0x00000000eab00000)
  object space 653824K, 43% used [0x00000000c0000000,0x00000000d16796e0,0x00000000e7e80000)
 Metaspace       used 78429K, committed 80256K, reserved 1179648K
  class space    used 7787K, committed 8512K, reserved 1048576K
}
Event: 960.542 GC heap after
{Heap after GC invocations=715 (full 4):
 PSYoungGen      total 17920K, used 320K [0x00000000eab00000, 0x00000000ebd80000, 0x0000000100000000)
  eden space 16896K, 0% used [0x00000000eab00000,0x00000000eab00000,0x00000000ebb80000)
  from space 1024K, 31% used [0x00000000ebb80000,0x00000000ebbd0000,0x00000000ebc80000)
  to   space 512K, 0% used [0x00000000ebd00000,0x00000000ebd00000,0x00000000ebd80000)
 ParOldGen       total 653824K, used 285365K [0x00000000c0000000, 0x00000000e7e80000, 0x00000000eab00000)
  object space 653824K, 43% used [0x00000000c0000000,0x00000000d16ad6e0,0x00000000e7e80000)
 Metaspace       used 78429K, committed 80256K, reserved 1179648K
  class space    used 7787K, committed 8512K, reserved 1048576K
}
Event: 960.576 GC heap before
{Heap before GC invocations=716 (full 4):
 PSYoungGen      total 17920K, used 17216K [0x00000000eab00000, 0x00000000ebd80000, 0x0000000100000000)
  eden space 16896K, 100% used [0x00000000eab00000,0x00000000ebb80000,0x00000000ebb80000)
  from space 1024K, 31% used [0x00000000ebb80000,0x00000000ebbd0000,0x00000000ebc80000)
  to   space 512K, 0% used [0x00000000ebd00000,0x00000000ebd00000,0x00000000ebd80000)
 ParOldGen       total 653824K, used 285365K [0x00000000c0000000, 0x00000000e7e80000, 0x00000000eab00000)
  object space 653824K, 43% used [0x00000000c0000000,0x00000000d16ad6e0,0x00000000e7e80000)
 Metaspace       used 78429K, committed 80256K, reserved 1179648K
  class space    used 7787K, committed 8512K, reserved 1048576K
}
Event: 960.580 GC heap after
{Heap after GC invocations=716 (full 4):
 PSYoungGen      total 17408K, used 444K [0x00000000eab00000, 0x00000000ebd80000, 0x0000000100000000)
  eden space 16896K, 0% used [0x00000000eab00000,0x00000000eab00000,0x00000000ebb80000)
  from space 512K, 86% used [0x00000000ebd00000,0x00000000ebd6f180,0x00000000ebd80000)
  to   space 512K, 0% used [0x00000000ebc80000,0x00000000ebc80000,0x00000000ebd00000)
 ParOldGen       total 653824K, used 285629K [0x00000000c0000000, 0x00000000e7e80000, 0x00000000eab00000)
  object space 653824K, 43% used [0x00000000c0000000,0x00000000d16ef6e0,0x00000000e7e80000)
 Metaspace       used 78429K, committed 80256K, reserved 1179648K
  class space    used 7787K, committed 8512K, reserved 1048576K
}
Event: 960.611 GC heap before
{Heap before GC invocations=717 (full 4):
 PSYoungGen      total 17408K, used 17340K [0x00000000eab00000, 0x00000000ebd80000, 0x0000000100000000)
  eden space 16896K, 100% used [0x00000000eab00000,0x00000000ebb80000,0x00000000ebb80000)
  from space 512K, 86% used [0x00000000ebd00000,0x00000000ebd6f180,0x00000000ebd80000)
  to   space 512K, 0% used [0x00000000ebc80000,0x00000000ebc80000,0x00000000ebd00000)
 ParOldGen       total 653824K, used 285629K [0x00000000c0000000, 0x00000000e7e80000, 0x00000000eab00000)
  object space 653824K, 43% used [0x00000000c0000000,0x00000000d16ef6e0,0x00000000e7e80000)
 Metaspace       used 78431K, committed 80256K, reserved 1179648K
  class space    used 7787K, committed 8512K, reserved 1048576K
}
Event: 960.615 GC heap after
{Heap after GC invocations=717 (full 4):
 PSYoungGen      total 17408K, used 452K [0x00000000eab00000, 0x00000000ebd80000, 0x0000000100000000)
  eden space 16896K, 0% used [0x00000000eab00000,0x00000000eab00000,0x00000000ebb80000)
  from space 512K, 88% used [0x00000000ebc80000,0x00000000ebcf11f8,0x00000000ebd00000)
  to   space 512K, 0% used [0x00000000ebd00000,0x00000000ebd00000,0x00000000ebd80000)
 ParOldGen       total 653824K, used 285947K [0x00000000c0000000, 0x00000000e7e80000, 0x00000000eab00000)
  object space 653824K, 43% used [0x00000000c0000000,0x00000000d173ef38,0x00000000e7e80000)
 Metaspace       used 78431K, committed 80256K, reserved 1179648K
  class space    used 7787K, committed 8512K, reserved 1048576K
}
Event: 960.649 GC heap before
{Heap before GC invocations=718 (full 4):
 PSYoungGen      total 17408K, used 17348K [0x00000000eab00000, 0x00000000ebd80000, 0x0000000100000000)
  eden space 16896K, 100% used [0x00000000eab00000,0x00000000ebb80000,0x00000000ebb80000)
  from space 512K, 88% used [0x00000000ebc80000,0x00000000ebcf11f8,0x00000000ebd00000)
  to   space 512K, 0% used [0x00000000ebd00000,0x00000000ebd00000,0x00000000ebd80000)
 ParOldGen       total 653824K, used 285947K [0x00000000c0000000, 0x00000000e7e80000, 0x00000000eab00000)
  object space 653824K, 43% used [0x00000000c0000000,0x00000000d173ef38,0x00000000e7e80000)
 Metaspace       used 78432K, committed 80256K, reserved 1179648K
  class space    used 7787K, committed 8512K, reserved 1048576K
}
Event: 960.652 GC heap after
{Heap after GC invocations=718 (full 4):
 PSYoungGen      total 17408K, used 360K [0x00000000eab00000, 0x00000000ebd80000, 0x0000000100000000)
  eden space 16896K, 0% used [0x00000000eab00000,0x00000000eab00000,0x00000000ebb80000)
  from space 512K, 70% used [0x00000000ebd00000,0x00000000ebd5a2f0,0x00000000ebd80000)
  to   space 512K, 0% used [0x00000000ebc80000,0x00000000ebc80000,0x00000000ebd00000)
 ParOldGen       total 653824K, used 286257K [0x00000000c0000000, 0x00000000e7e80000, 0x00000000eab00000)
  object space 653824K, 43% used [0x00000000c0000000,0x00000000d178c408,0x00000000e7e80000)
 Metaspace       used 78432K, committed 80256K, reserved 1179648K
  class space    used 7787K, committed 8512K, reserved 1048576K
}
Event: 960.686 GC heap before
{Heap before GC invocations=719 (full 4):
 PSYoungGen      total 17408K, used 17256K [0x00000000eab00000, 0x00000000ebd80000, 0x0000000100000000)
  eden space 16896K, 100% used [0x00000000eab00000,0x00000000ebb80000,0x00000000ebb80000)
  from space 512K, 70% used [0x00000000ebd00000,0x00000000ebd5a2f0,0x00000000ebd80000)
  to   space 512K, 0% used [0x00000000ebc80000,0x00000000ebc80000,0x00000000ebd00000)
 ParOldGen       total 653824K, used 286257K [0x00000000c0000000, 0x00000000e7e80000, 0x00000000eab00000)
  object space 653824K, 43% used [0x00000000c0000000,0x00000000d178c408,0x00000000e7e80000)
 Metaspace       used 78432K, committed 80256K, reserved 1179648K
  class space    used 7787K, committed 8512K, reserved 1048576K
}
Event: 960.688 GC heap after
{Heap after GC invocations=719 (full 4):
 PSYoungGen      total 17408K, used 458K [0x00000000eab00000, 0x00000000ebd80000, 0x0000000100000000)
  eden space 16896K, 0% used [0x00000000eab00000,0x00000000eab00000,0x00000000ebb80000)
  from space 512K, 89% used [0x00000000ebc80000,0x00000000ebcf2b10,0x00000000ebd00000)
  to   space 512K, 0% used [0x00000000ebd00000,0x00000000ebd00000,0x00000000ebd80000)
 ParOldGen       total 653824K, used 286525K [0x00000000c0000000, 0x00000000e7e80000, 0x00000000eab00000)
  object space 653824K, 43% used [0x00000000c0000000,0x00000000d17cf498,0x00000000e7e80000)
 Metaspace       used 78432K, committed 80256K, reserved 1179648K
  class space    used 7787K, committed 8512K, reserved 1048576K
}
Event: 960.715 GC heap before
{Heap before GC invocations=720 (full 4):
 PSYoungGen      total 17408K, used 17354K [0x00000000eab00000, 0x00000000ebd80000, 0x0000000100000000)
  eden space 16896K, 100% used [0x00000000eab00000,0x00000000ebb80000,0x00000000ebb80000)
  from space 512K, 89% used [0x00000000ebc80000,0x00000000ebcf2b10,0x00000000ebd00000)
  to   space 512K, 0% used [0x00000000ebd00000,0x00000000ebd00000,0x00000000ebd80000)
 ParOldGen       total 653824K, used 286525K [0x00000000c0000000, 0x00000000e7e80000, 0x00000000eab00000)
  object space 653824K, 43% used [0x00000000c0000000,0x00000000d17cf498,0x00000000e7e80000)
 Metaspace       used 78432K, committed 80256K, reserved 1179648K
  class space    used 7787K, committed 8512K, reserved 1048576K
}
Event: 960.718 GC heap after
{Heap after GC invocations=720 (full 4):
 PSYoungGen      total 17408K, used 362K [0x00000000eab00000, 0x00000000ebd80000, 0x0000000100000000)
  eden space 16896K, 0% used [0x00000000eab00000,0x00000000eab00000,0x00000000ebb80000)
  from space 512K, 70% used [0x00000000ebd00000,0x00000000ebd5ab80,0x00000000ebd80000)
  to   space 512K, 0% used [0x00000000ebc80000,0x00000000ebc80000,0x00000000ebd00000)
 ParOldGen       total 653824K, used 286895K [0x00000000c0000000, 0x00000000e7e80000, 0x00000000eab00000)
  object space 653824K, 43% used [0x00000000c0000000,0x00000000d182be88,0x00000000e7e80000)
 Metaspace       used 78432K, committed 80256K, reserved 1179648K
  class space    used 7787K, committed 8512K, reserved 1048576K
}
Event: 960.757 GC heap before
{Heap before GC invocations=721 (full 4):
 PSYoungGen      total 17408K, used 17258K [0x00000000eab00000, 0x00000000ebd80000, 0x0000000100000000)
  eden space 16896K, 100% used [0x00000000eab00000,0x00000000ebb80000,0x00000000ebb80000)
  from space 512K, 70% used [0x00000000ebd00000,0x00000000ebd5ab80,0x00000000ebd80000)
  to   space 512K, 0% used [0x00000000ebc80000,0x00000000ebc80000,0x00000000ebd00000)
 ParOldGen       total 653824K, used 286895K [0x00000000c0000000, 0x00000000e7e80000, 0x00000000eab00000)
  object space 653824K, 43% used [0x00000000c0000000,0x00000000d182be88,0x00000000e7e80000)
 Metaspace       used 78432K, committed 80256K, reserved 1179648K
  class space    used 7787K, committed 8512K, reserved 1048576K
}
Event: 960.760 GC heap after
{Heap after GC invocations=721 (full 4):
 PSYoungGen      total 17408K, used 295K [0x00000000eab00000, 0x00000000ebd80000, 0x0000000100000000)
  eden space 16896K, 0% used [0x00000000eab00000,0x00000000eab00000,0x00000000ebb80000)
  from space 512K, 57% used [0x00000000ebc80000,0x00000000ebcc9ee0,0x00000000ebd00000)
  to   space 512K, 0% used [0x00000000ebd00000,0x00000000ebd00000,0x00000000ebd80000)
 ParOldGen       total 653824K, used 287130K [0x00000000c0000000, 0x00000000e7e80000, 0x00000000eab00000)
  object space 653824K, 43% used [0x00000000c0000000,0x00000000d1866a70,0x00000000e7e80000)
 Metaspace       used 78432K, committed 80256K, reserved 1179648K
  class space    used 7787K, committed 8512K, reserved 1048576K
}
Event: 960.988 GC heap before
{Heap before GC invocations=722 (full 4):
 PSYoungGen      total 17408K, used 17191K [0x00000000eab00000, 0x00000000ebd80000, 0x0000000100000000)
  eden space 16896K, 100% used [0x00000000eab00000,0x00000000ebb80000,0x00000000ebb80000)
  from space 512K, 57% used [0x00000000ebc80000,0x00000000ebcc9ee0,0x00000000ebd00000)
  to   space 512K, 0% used [0x00000000ebd00000,0x00000000ebd00000,0x00000000ebd80000)
 ParOldGen       total 653824K, used 287130K [0x00000000c0000000, 0x00000000e7e80000, 0x00000000eab00000)
  object space 653824K, 43% used [0x00000000c0000000,0x00000000d1866a70,0x00000000e7e80000)
 Metaspace       used 78446K, committed 80256K, reserved 1179648K
  class space    used 7788K, committed 8512K, reserved 1048576K
}
Event: 961.002 GC heap after
{Heap after GC invocations=722 (full 4):
 PSYoungGen      total 16896K, used 481K [0x00000000eab00000, 0x00000000ebf80000, 0x0000000100000000)
  eden space 16384K, 0% used [0x00000000eab00000,0x00000000eab00000,0x00000000ebb00000)
  from space 512K, 93% used [0x00000000ebd00000,0x00000000ebd784f8,0x00000000ebd80000)
  to   space 2048K, 0% used [0x00000000ebb00000,0x00000000ebb00000,0x00000000ebd00000)
 ParOldGen       total 653824K, used 288418K [0x00000000c0000000, 0x00000000e7e80000, 0x00000000eab00000)
  object space 653824K, 44% used [0x00000000c0000000,0x00000000d19a89e8,0x00000000e7e80000)
 Metaspace       used 78446K, committed 80256K, reserved 1179648K
  class space    used 7788K, committed 8512K, reserved 1048576K
}
Event: 962.123 GC heap before
{Heap before GC invocations=723 (full 4):
 PSYoungGen      total 16896K, used 16865K [0x00000000eab00000, 0x00000000ebf80000, 0x0000000100000000)
  eden space 16384K, 100% used [0x00000000eab00000,0x00000000ebb00000,0x00000000ebb00000)
  from space 512K, 93% used [0x00000000ebd00000,0x00000000ebd784f8,0x00000000ebd80000)
  to   space 2048K, 0% used [0x00000000ebb00000,0x00000000ebb00000,0x00000000ebd00000)
 ParOldGen       total 653824K, used 288418K [0x00000000c0000000, 0x00000000e7e80000, 0x00000000eab00000)
  object space 653824K, 44% used [0x00000000c0000000,0x00000000d19a89e8,0x00000000e7e80000)
 Metaspace       used 78484K, committed 80320K, reserved 1179648K
  class space    used 7788K, committed 8512K, reserved 1048576K
}
Event: 962.137 GC heap after
{Heap after GC invocations=723 (full 4):
 PSYoungGen      total 18432K, used 2029K [0x00000000eab00000, 0x00000000ec300000, 0x0000000100000000)
  eden space 16384K, 0% used [0x00000000eab00000,0x00000000eab00000,0x00000000ebb00000)
  from space 2048K, 99% used [0x00000000ebb00000,0x00000000ebcfb538,0x00000000ebd00000)
  to   space 4096K, 0% used [0x00000000ebf00000,0x00000000ebf00000,0x00000000ec300000)
 ParOldGen       total 653824K, used 289812K [0x00000000c0000000, 0x00000000e7e80000, 0x00000000eab00000)
  object space 653824K, 44% used [0x00000000c0000000,0x00000000d1b051b8,0x00000000e7e80000)
 Metaspace       used 78484K, committed 80320K, reserved 1179648K
  class space    used 7788K, committed 8512K, reserved 1048576K
}
Event: 962.515 GC heap before
{Heap before GC invocations=724 (full 4):
 PSYoungGen      total 18432K, used 18413K [0x00000000eab00000, 0x00000000ec300000, 0x0000000100000000)
  eden space 16384K, 100% used [0x00000000eab00000,0x00000000ebb00000,0x00000000ebb00000)
  from space 2048K, 99% used [0x00000000ebb00000,0x00000000ebcfb538,0x00000000ebd00000)
  to   space 4096K, 0% used [0x00000000ebf00000,0x00000000ebf00000,0x00000000ec300000)
 ParOldGen       total 653824K, used 289812K [0x00000000c0000000, 0x00000000e7e80000, 0x00000000eab00000)
  object space 653824K, 44% used [0x00000000c0000000,0x00000000d1b051b8,0x00000000e7e80000)
 Metaspace       used 78510K, committed 80320K, reserved 1179648K
  class space    used 7788K, committed 8512K, reserved 1048576K
}
Event: 962.532 GC heap after
{Heap after GC invocations=724 (full 4):
 PSYoungGen      total 18944K, used 2464K [0x00000000eab00000, 0x00000000ec180000, 0x0000000100000000)
  eden space 16384K, 0% used [0x00000000eab00000,0x00000000eab00000,0x00000000ebb00000)
  from space 2560K, 96% used [0x00000000ebf00000,0x00000000ec168000,0x00000000ec180000)
  to   space 3072K, 0% used [0x00000000ebb80000,0x00000000ebb80000,0x00000000ebe80000)
 ParOldGen       total 653824K, used 291838K [0x00000000c0000000, 0x00000000e7e80000, 0x00000000eab00000)
  object space 653824K, 44% used [0x00000000c0000000,0x00000000d1cff948,0x00000000e7e80000)
 Metaspace       used 78510K, committed 80320K, reserved 1179648K
  class space    used 7788K, committed 8512K, reserved 1048576K
}

